<?xml version="1.0" encoding="UTF-8"?>
<!-- Generated by org.testng.reporters.JUnitReportReporter -->
<testsuite hostname="PANINI18" failures="0" tests="3" name="correcthealth.correcthealth.Useraccount" time="92.823" errors="0" timestamp="2025-06-10T10:08:02 IST" skipped="2">
  <testcase classname="correcthealth.correcthealth.Useraccount" name="createuser" time="92.823"/>
  <testcase classname="correcthealth.correcthealth.Useraccount" name="f">
    <skipped/>
  </testcase> <!-- f -->
  <testcase classname="correcthealth.correcthealth.Useraccount" name="Edituser">
    <skipped/>
  </testcase> <!-- Edituser -->
</testsuite> <!-- correcthealth.correcthealth.Useraccount -->
