<?xml version="1.0" encoding="UTF-8"?>
<!-- Generated by org.testng.reporters.JUnitReportReporter -->
<testsuite hostname="PANINI18" failures="0" tests="1" name="correcthealth.correcthealth.Vendorreport" time="15.615" errors="0" timestamp="2025-06-02T10:50:51 IST" skipped="0">
  <testcase classname="correcthealth.correcthealth.Vendorreport" name="f" time="15.615"/>
</testsuite> <!-- correcthealth.correcthealth.Vendorreport -->
