<?xml version="1.0" encoding="UTF-8"?>
<!-- Generated by org.testng.reporters.JUnitReportReporter -->
<testsuite hostname="PANINI18" failures="0" tests="1" name="correcthealth.correcthealth.claimreceivedreport" time="21.584" errors="0" timestamp="2025-05-07T14:34:43 IST" skipped="0">
  <testcase classname="correcthealth.correcthealth.claimreceivedreport" name="f" time="21.584"/>
</testsuite> <!-- correcthealth.correcthealth.claimreceivedreport -->
