<?xml version="1.0" encoding="UTF-8"?>
<!-- Generated by org.testng.reporters.JUnitReportReporter -->
<testsuite hostname="PANINI18" failures="0" tests="2" name="correcthealth.correcthealth.Parseedi" time="16.302" errors="0" timestamp="2025-05-09T15:08:33 IST" skipped="1">
  <testcase classname="correcthealth.correcthealth.Parseedi" name="f" time="16.302"/>
  <testcase classname="correcthealth.correcthealth.Parseedi" name="search">
    <skipped/>
  </testcase> <!-- search -->
</testsuite> <!-- correcthealth.correcthealth.Parseedi -->
