<?xml version="1.0" encoding="UTF-8"?>
<!-- Generated by org.testng.reporters.JUnitReportReporter -->
<testsuite hostname="PANINI18" failures="0" tests="1" name="correcthealth.correcthealth.SpecialityCareVisitsStatusReport" time="35.211" errors="0" timestamp="2025-05-08T09:46:12 IST" skipped="0">
  <testcase classname="correcthealth.correcthealth.SpecialityCareVisitsStatusReport" name="f" time="35.211"/>
</testsuite> <!-- correcthealth.correcthealth.SpecialityCareVisitsStatusReport -->
