<?xml version="1.0" encoding="UTF-8"?>
<!-- Generated by org.testng.reporters.JUnitReportReporter -->
<testsuite hostname="PANINI18" failures="0" tests="3" name="correcthealth.correcthealth.Vendorsmodule" time="20.769" errors="0" timestamp="2025-05-15T16:51:12 IST" skipped="2">
  <testcase classname="correcthealth.correcthealth.Vendorsmodule" name="Search" time="20.769"/>
  <testcase classname="correcthealth.correcthealth.Vendorsmodule" name="f">
    <skipped/>
  </testcase> <!-- f -->
  <testcase classname="correcthealth.correcthealth.Vendorsmodule" name="Edit">
    <skipped/>
  </testcase> <!-- Edit -->
</testsuite> <!-- correcthealth.correcthealth.Vendorsmodule -->
